[    0.000000] Linux version 4.15.0-112-generic (buildd@lcy01-amd64-027) (gcc version 7.5.0 (Ubuntu 7.5.0-3ubuntu1~18.04)) #113-Ubuntu SMP Thu Jul 9 23:41:39 UTC 2020 (Ubuntu 4.15.0-112.113-generic 4.15.18)
[    0.000000] Command line: BOOT_IMAGE=/boot/vmlinuz-4.15.0-112-generic root=LABEL=cloudimg-rootfs ro console=tty1 console=ttyS0
[    0.000000] KERNEL supported cpus:
[    0.000000]   Intel GenuineIntel
[    0.000000]   AMD AuthenticAMD
[    0.000000]   Centaur CentaurHauls
[    0.000000] x86/fpu: Supporting XSAVE feature 0x001: 'x87 floating point registers'
[    0.000000] x86/fpu: Supporting XSAVE feature 0x002: 'SSE registers'
[    0.000000] x86/fpu: Supporting XSAVE feature 0x004: 'AVX registers'
[    0.000000] x86/fpu: xstate_offset[2]:  576, xstate_sizes[2]:  256
[    0.000000] x86/fpu: Enabled xstate features 0x7, context size is 832 bytes, using 'standard' format.
[    0.000000] e820: BIOS-provided physical RAM map:
[    0.000000] BIOS-e820: [mem 0x0000000000000000-0x000000000009fbff] usable
[    0.000000] BIOS-e820: [mem 0x000000000009fc00-0x000000000009ffff] reserved
[    0.000000] BIOS-e820: [mem 0x00000000000f0000-0x00000000000fffff] reserved
[    0.000000] BIOS-e820: [mem 0x0000000000100000-0x000000003ffeffff] usable
[    0.000000] BIOS-e820: [mem 0x000000003fff0000-0x000000003fffffff] ACPI data
[    0.000000] BIOS-e820: [mem 0x00000000fec00000-0x00000000fec00fff] reserved
[    0.000000] BIOS-e820: [mem 0x00000000fee00000-0x00000000fee00fff] reserved
[    0.000000] BIOS-e820: [mem 0x00000000fffc0000-0x00000000ffffffff] reserved
[    0.000000] NX (Execute Disable) protection: active
[    0.000000] SMBIOS 2.5 present.
[    0.000000] DMI: innotek GmbH VirtualBox/VirtualBox, BIOS VirtualBox 12/01/2006
[    0.000000] Hypervisor detected: KVM
[    0.000000] e820: last_pfn = 0x3fff0 max_arch_pfn = 0x400000000
[    0.000000] MTRR: Disabled
[    0.000000] x86/PAT: MTRRs disabled, skipping PAT initialization too.
[    0.000000] CPU MTRRs all blank - virtualized system.
[    0.000000] x86/PAT: Configuration [0-7]: WB  WT  UC- UC  WB  WT  UC- UC  
[    0.000000] found SMP MP-table at [mem 0x0009fff0-0x0009ffff]
[    0.000000] Scanning 1 areas for low memory corruption
[    0.000000] RAMDISK: [mem 0x35a69000-0x36d2bfff]
[    0.000000] ACPI: Early table checksum verification disabled
[    0.000000] ACPI: RSDP 0x00000000000E0000 000024 (v02 VBOX  )
[    0.000000] ACPI: XSDT 0x000000003FFF0030 00003C (v01 VBOX   VBOXXSDT 00000001 ASL  00000061)
[    0.000000] ACPI: FACP 0x000000003FFF00F0 0000F4 (v04 VBOX   VBOXFACP 00000001 ASL  00000061)
[    0.000000] ACPI: DSDT 0x000000003FFF0480 002325 (v02 VBOX   VBOXBIOS 00000002 INTL 20100528)
[    0.000000] ACPI: FACS 0x000000003FFF0200 000040
[    0.000000] ACPI: FACS 0x000000003FFF0200 000040
[    0.000000] ACPI: APIC 0x000000003FFF0240 00006C (v02 VBOX   VBOXAPIC 00000001 ASL  00000061)
[    0.000000] ACPI: SSDT 0x000000003FFF02B0 0001CC (v01 VBOX   VBOXCPUT 00000002 INTL 20100528)
[    0.000000] No NUMA configuration found
[    0.000000] Faking a node at [mem 0x0000000000000000-0x000000003ffeffff]
[    0.000000] NODE_DATA(0) allocated [mem 0x3ffc5000-0x3ffeffff]
[    0.000000] kvm-clock: cpu 0, msr 0:3ff44001, primary cpu clock
[    0.000000] kvm-clock: Using msrs 4b564d01 and 4b564d00
[    0.000000] kvm-clock: using sched offset of 3664924858 cycles
[    0.000000] clocksource: kvm-clock: mask: 0xffffffffffffffff max_cycles: 0x1cd42e4dffb, max_idle_ns: 881590591483 ns
[    0.000000] Zone ranges:
[    0.000000]   DMA      [mem 0x0000000000001000-0x0000000000ffffff]
[    0.000000]   DMA32    [mem 0x0000000001000000-0x000000003ffeffff]
[    0.000000]   Normal   empty
[    0.000000]   Device   empty
[    0.000000] Movable zone start for each node
[    0.000000] Early memory node ranges
[    0.000000]   node   0: [mem 0x0000000000001000-0x000000000009efff]
[    0.000000]   node   0: [mem 0x0000000000100000-0x000000003ffeffff]
[    0.000000] Reserved but unavailable: 98 pages
[    0.000000] Initmem setup node 0 [mem 0x0000000000001000-0x000000003ffeffff]
[    0.000000] ACPI: PM-Timer IO Port: 0x4008
[    0.000000] IOAPIC[0]: apic_id 4, version 32, address 0xfec00000, GSI 0-23
[    0.000000] ACPI: INT_SRC_OVR (bus 0 bus_irq 0 global_irq 2 dfl dfl)
[    0.000000] ACPI: INT_SRC_OVR (bus 0 bus_irq 9 global_irq 9 low level)
[    0.000000] Using ACPI (MADT) for SMP configuration information
[    0.000000] smpboot: Allowing 4 CPUs, 0 hotplug CPUs
[    0.000000] PM: Registered nosave memory: [mem 0x00000000-0x00000fff]
[    0.000000] PM: Registered nosave memory: [mem 0x0009f000-0x0009ffff]
[    0.000000] PM: Registered nosave memory: [mem 0x000a0000-0x000effff]
[    0.000000] PM: Registered nosave memory: [mem 0x000f0000-0x000fffff]
[    0.000000] e820: [mem 0x40000000-0xfebfffff] available for PCI devices
[    0.000000] Booting paravirtualized kernel on KVM
[    0.000000] clocksource: refined-jiffies: mask: 0xffffffff max_cycles: 0xffffffff, max_idle_ns: 7645519600211568 ns
[    0.000000] random: get_random_bytes called from start_kernel+0x99/0x500 with crng_init=0
[    0.000000] setup_percpu: NR_CPUS:8192 nr_cpumask_bits:4 nr_cpu_ids:4 nr_node_ids:1
[    0.000000] percpu: Embedded 45 pages/cpu s147456 r8192 d28672 u524288
[    0.000000] PV qspinlock hash table entries: 256 (order: 0, 4096 bytes)
[    0.000000] Built 1 zonelists, mobility grouping on.  Total pages: 257913
[    0.000000] Policy zone: DMA32
[    0.000000] Kernel command line: BOOT_IMAGE=/boot/vmlinuz-4.15.0-112-generic root=LABEL=cloudimg-rootfs ro console=tty1 console=ttyS0
[    0.000000] Memory: 982680K/1048120K available (12300K kernel code, 2481K rwdata, 4272K rodata, 2436K init, 2720K bss, 65440K reserved, 0K cma-reserved)
[    0.000000] SLUB: HWalign=64, Order=0-3, MinObjects=0, CPUs=4, Nodes=1
[    0.000000] Kernel/User page tables isolation: enabled
[    0.000000] ftrace: allocating 39378 entries in 154 pages
[    0.004000] Hierarchical RCU implementation.
[    0.004000] 	RCU restricting CPUs from NR_CPUS=8192 to nr_cpu_ids=4.
[    0.004000] 	Tasks RCU enabled.
[    0.004000] RCU: Adjusting geometry for rcu_fanout_leaf=16, nr_cpu_ids=4
[    0.004000] NR_IRQS: 524544, nr_irqs: 456, preallocated irqs: 16
[    0.004000] Console: colour VGA+ 80x25
[    0.004000] console [tty1] enabled
[    0.004000] console [ttyS0] enabled
[    0.004000] ACPI: Core revision 20170831
[    0.004000] ACPI: 2 ACPI AML tables successfully acquired and loaded
[    0.004000] APIC: Switch to symmetric I/O mode setup
[    0.004000] x2apic enabled
[    0.004000] Switched APIC routing to physical x2apic.
[    0.004000] ..TIMER: vector=0x30 apic1=0 pin1=2 apic2=-1 pin2=-1
[    0.004004] tsc: Detected 2591.998 MHz processor
[    0.004876] Calibrating delay loop (skipped) preset value.. 5183.99 BogoMIPS (lpj=10367992)
[    0.008002] pid_max: default: 32768 minimum: 301
[    0.008926] Security Framework initialized
[    0.009742] Yama: becoming mindful.
[    0.010483] AppArmor: AppArmor initialized
[    0.012000] Dentry cache hash table entries: 131072 (order: 8, 1048576 bytes)
[    0.012050] Inode-cache hash table entries: 65536 (order: 7, 524288 bytes)
[    0.016015] Mount-cache hash table entries: 2048 (order: 2, 16384 bytes)
[    0.017393] Mountpoint-cache hash table entries: 2048 (order: 2, 16384 bytes)
[    0.020106] Last level iTLB entries: 4KB 64, 2MB 8, 4MB 8
[    0.021080] Last level dTLB entries: 4KB 64, 2MB 0, 4MB 0, 1GB 4
[    0.022223] Spectre V1 : Mitigation: usercopy/swapgs barriers and __user pointer sanitization
[    0.023940] Spectre V2 : Mitigation: Full generic retpoline
[    0.024003] Spectre V2 : Spectre v2 / SpectreRSB mitigation: Filling RSB on context switch
[    0.025616] Speculative Store Bypass: Vulnerable
[    0.026537] SRBDS: Unknown: Dependent on hypervisor status
[    0.028002] MDS: Mitigation: Clear CPU buffers
[    0.028983] Freeing SMP alternatives memory: 36K
[    0.140000] smpboot: CPU0: Intel(R) Core(TM) i7-9750H CPU @ 2.60GHz (family: 0x6, model: 0x9e, stepping: 0xa)
[    0.140000] Performance Events: unsupported p6 CPU model 158 no PMU driver, software events only.
[    0.140000] Hierarchical SRCU implementation.
[    0.140618] NMI watchdog: Perf event create on CPU 0 failed with -2
[    0.141771] NMI watchdog: Perf NMI watchdog permanently disabled
[    0.143032] smp: Bringing up secondary CPUs ...
[    0.144068] x86: Booting SMP configuration:
[    0.144848] .... node  #0, CPUs:      #1
[    0.004000] kvm-clock: cpu 1, msr 0:3ff44041, secondary cpu clock
[    0.148069]  #2
[    0.004000] kvm-clock: cpu 2, msr 0:3ff44081, secondary cpu clock
[    0.154450]  #3
[    0.004000] kvm-clock: cpu 3, msr 0:3ff440c1, secondary cpu clock
[    0.159124] smp: Brought up 1 node, 4 CPUs
[    0.159124] smpboot: Max logical packages: 1
[    0.160004] smpboot: Total of 4 processors activated (20735.98 BogoMIPS)
[    0.161375] devtmpfs: initialized
[    0.161375] x86/mm: Memory block size: 128MB
[    0.161978] evm: security.selinux
[    0.164012] evm: security.SMACK64
[    0.164653] evm: security.SMACK64EXEC
[    0.165583] evm: security.SMACK64TRANSMUTE
[    0.166463] evm: security.SMACK64MMAP
[    0.168003] evm: security.apparmor
[    0.172003] evm: security.ima
[    0.172695] evm: security.capability
[    0.176102] clocksource: jiffies: mask: 0xffffffff max_cycles: 0xffffffff, max_idle_ns: 7645041785100000 ns
[    0.180018] futex hash table entries: 1024 (order: 4, 65536 bytes)
[    0.184041] pinctrl core: initialized pinctrl subsystem
[    0.185211] RTC time: 16:26:22, date: 08/06/20
[    0.186437] NET: Registered protocol family 16
[    0.187330] audit: initializing netlink subsys (disabled)
[    0.188026] audit: type=2000 audit(1596731186.689:1): state=initialized audit_enabled=0 res=1
[    0.188114] cpuidle: using governor ladder
[    0.189044] cpuidle: using governor menu
[    0.192067] ACPI: bus type PCI registered
[    0.193040] acpiphp: ACPI Hot Plug PCI Controller Driver version: 0.5
[    0.194399] PCI: Using configuration type 1 for base access
[    0.196969] HugeTLB registered 2.00 MiB page size, pre-allocated 0 pages
[    0.197352] ACPI: Added _OSI(Module Device)
[    0.197352] ACPI: Added _OSI(Processor Device)
[    0.200007] ACPI: Added _OSI(3.0 _SCP Extensions)
[    0.201025] ACPI: Added _OSI(Processor Aggregator Device)
[    0.202120] ACPI: Added _OSI(Linux-Dell-Video)
[    0.204003] ACPI: Added _OSI(Linux-Lenovo-NV-HDMI-Audio)
[    0.208003] ACPI: Added _OSI(Linux-HPI-Hybrid-Graphics)
[    0.209641] ACPI: Executed 1 blocks of module-level executable AML code
[    0.214948] ACPI: Interpreter enabled
[    0.216012] ACPI: (supports S0 S5)
[    0.216764] ACPI: Using IOAPIC for interrupt routing
[    0.217956] PCI: Using host bridge windows from ACPI; if necessary, use "pci=nocrs" and report a bug
[    0.219871] ACPI: Enabled 2 GPEs in block 00 to 07
[    0.227714] ACPI: PCI Root Bridge [PCI0] (domain 0000 [bus 00-ff])
[    0.228007] acpi PNP0A03:00: _OSC: OS supports [ASPM ClockPM Segments MSI]
[    0.229989] acpi PNP0A03:00: _OSC: not requesting OS control; OS requires [ExtendedConfig ASPM ClockPM MSI]
[    0.232011] acpi PNP0A03:00: fail to add MMCONFIG information, can't access extended PCI configuration space under this bridge.
[    0.236022] PCI host bridge to bus 0000:00
[    0.236847] pci_bus 0000:00: root bus resource [io  0x0000-0x0cf7 window]
[    0.238118] pci_bus 0000:00: root bus resource [io  0x0d00-0xffff window]
[    0.239378] pci_bus 0000:00: root bus resource [mem 0x000a0000-0x000bffff window]
[    0.240002] pci_bus 0000:00: root bus resource [mem 0x40000000-0xfdffffff window]
[    0.241632] pci_bus 0000:00: root bus resource [bus 00-ff]
[    0.245398] pci 0000:00:01.1: legacy IDE quirk: reg 0x10: [io  0x01f0-0x01f7]
[    0.246578] pci 0000:00:01.1: legacy IDE quirk: reg 0x14: [io  0x03f6]
[    0.247689] pci 0000:00:01.1: legacy IDE quirk: reg 0x18: [io  0x0170-0x0177]
[    0.248002] pci 0000:00:01.1: legacy IDE quirk: reg 0x1c: [io  0x0376]
[    0.263519] pci 0000:00:07.0: quirk: [io  0x4000-0x403f] claimed by PIIX4 ACPI
[    0.264015] pci 0000:00:07.0: quirk: [io  0x4100-0x410f] claimed by PIIX4 SMB
[    0.270794] ACPI: PCI Interrupt Link [LNKA] (IRQs 5 9 10 *11)
[    0.272079] ACPI: PCI Interrupt Link [LNKB] (IRQs 5 9 *10 11)
[    0.273167] ACPI: PCI Interrupt Link [LNKC] (IRQs 5 *9 10 11)
[    0.274258] ACPI: PCI Interrupt Link [LNKD] (IRQs 5 9 10 *11)
[    0.276340] SCSI subsystem initialized
[    0.277404] pci 0000:00:02.0: vgaarb: setting as boot VGA device
[    0.277404] pci 0000:00:02.0: vgaarb: VGA device added: decodes=io+mem,owns=io+mem,locks=none
[    0.280009] pci 0000:00:02.0: vgaarb: bridge control possible
[    0.281192] vgaarb: loaded
[    0.281941] ACPI: bus type USB registered
[    0.282810] usbcore: registered new interface driver usbfs
[    0.284017] usbcore: registered new interface driver hub
[    0.285231] usbcore: registered new device driver usb
[    0.286321] EDAC MC: Ver: 3.0.0
[    0.290363] PCI: Using ACPI for IRQ routing
[    0.292126] NetLabel: Initializing
[    0.292970] NetLabel:  domain hash size = 128
[    0.294062] NetLabel:  protocols = UNLABELED CIPSOv4 CALIPSO
[    0.295378] NetLabel:  unlabeled traffic allowed by default
[    0.296117] clocksource: Switched to clocksource kvm-clock
[    0.316368] VFS: Disk quotas dquot_6.6.0
[    0.317166] VFS: Dquot-cache hash table entries: 512 (order 0, 4096 bytes)
[    0.318459] AppArmor: AppArmor Filesystem Enabled
[    0.319600] pnp: PnP ACPI init
[    0.321318] pnp: PnP ACPI: found 3 devices
[    0.332803] clocksource: acpi_pm: mask: 0xffffff max_cycles: 0xffffff, max_idle_ns: 2085701024 ns
[    0.334311] NET: Registered protocol family 2
[    0.335301] TCP established hash table entries: 8192 (order: 4, 65536 bytes)
[    0.336743] TCP bind hash table entries: 8192 (order: 5, 131072 bytes)
[    0.338193] TCP: Hash tables configured (established 8192 bind 8192)
[    0.339499] UDP hash table entries: 512 (order: 2, 16384 bytes)
[    0.340738] UDP-Lite hash table entries: 512 (order: 2, 16384 bytes)
[    0.341914] NET: Registered protocol family 1
[    0.342740] pci 0000:00:00.0: Limiting direct PCI/PCI transfers
[    0.343864] pci 0000:00:01.0: Activating ISA DMA hang workarounds
[    0.345136] pci 0000:00:02.0: Video device with shadowed ROM at [mem 0x000c0000-0x000dffff]
[    0.346882] Unpacking initramfs...
[    0.625155] Freeing initrd memory: 19212K
[    0.626095] clocksource: tsc: mask: 0xffffffffffffffff max_cycles: 0x255cb518234, max_idle_ns: 440795279333 ns
[    0.628297] platform rtc_cmos: registered platform RTC device (no PNP device found)
[    0.630000] Scanning for low memory corruption every 60 seconds
[    0.631867] Initialise system trusted keyrings
[    0.632778] Key type blacklist registered
[    0.633628] workingset: timestamp_bits=36 max_order=18 bucket_order=0
[    0.635572] zbud: loaded
[    0.636681] squashfs: version 4.0 (2009/01/31) Phillip Lougher
[    0.638196] fuse init (API version 7.26)
[    0.643230] Key type asymmetric registered
[    0.644054] Asymmetric key parser 'x509' registered
[    0.645073] Block layer SCSI generic (bsg) driver version 0.4 loaded (major 246)
[    0.646592] io scheduler noop registered
[    0.647370] io scheduler deadline registered
[    0.648270] io scheduler cfq registered (default)
[    0.649608] ACPI: AC Adapter [AC] (on-line)
[    0.650506] input: Power Button as /devices/LNXSYSTM:00/LNXPWRBN:00/input/input0
[    0.652084] ACPI: Power Button [PWRF]
[    0.652892] input: Sleep Button as /devices/LNXSYSTM:00/LNXSLPBN:00/input/input1
[    0.654673] ACPI: Sleep Button [SLPF]
[    0.656553] ACPI: Battery Slot [BAT0] (battery present)
[    0.657779] Serial: 8250/16550 driver, 32 ports, IRQ sharing enabled
[    0.679891] 00:02: ttyS0 at I/O 0x3f8 (irq = 4, base_baud = 115200) is a 16550A
[    0.685433] Linux agpgart interface v0.103
[    0.688170] loop: module loaded
[    0.689443] scsi host0: ata_piix
[    0.690321] scsi host1: ata_piix
[    0.690935] ata1: PATA max UDMA/33 cmd 0x1f0 ctl 0x3f6 bmdma 0xd000 irq 14
[    0.692083] ata2: PATA max UDMA/33 cmd 0x170 ctl 0x376 bmdma 0xd008 irq 15
[    0.693390] libphy: Fixed MDIO Bus: probed
[    0.694133] tun: Universal TUN/TAP device driver, 1.6
[    0.695268] PPP generic driver version 2.4.2
[    0.696241] ehci_hcd: USB 2.0 'Enhanced' Host Controller (EHCI) Driver
[    0.697380] ehci-pci: EHCI PCI platform driver
[    0.698273] ehci-platform: EHCI generic platform driver
[    0.699209] ohci_hcd: USB 1.1 'Open' Host Controller (OHCI) Driver
[    0.700351] ohci-pci: OHCI PCI platform driver
[    0.701135] ohci-platform: OHCI generic platform driver
[    0.702032] uhci_hcd: USB Universal Host Controller Interface driver
[    0.703189] i8042: PNP: PS/2 Controller [PNP0303:PS2K,PNP0f03:PS2M] at 0x60,0x64 irq 1,12
[    0.705397] serio: i8042 KBD port at 0x60,0x64 irq 1
[    0.706314] serio: i8042 AUX port at 0x60,0x64 irq 12
[    0.707395] mousedev: PS/2 mouse device common for all mice
[    0.708907] rtc_cmos rtc_cmos: rtc core: registered rtc_cmos as rtc0
[    0.710122] input: AT Translated Set 2 keyboard as /devices/platform/i8042/serio0/input/input2
[    0.711715] rtc_cmos rtc_cmos: alarms up to one day, 114 bytes nvram
[    0.712795] i2c /dev entries driver
[    0.713470] device-mapper: uevent: version 1.0.3
[    0.714388] device-mapper: ioctl: 4.37.0-ioctl (2017-09-20) initialised: dm-devel@redhat.com
[    0.716178] ledtrig-cpu: registered to indicate activity on CPUs
[    0.718034] NET: Registered protocol family 10
[    0.722919] Segment Routing with IPv6
[    0.723628] NET: Registered protocol family 17
[    0.724524] Key type dns_resolver registered
[    0.725644] mce: Using 0 MCE banks
[    0.726276] RAS: Correctable Errors collector initialized.
[    0.727227] sched_clock: Marking stable (725617194, 0)->(911488978, -185871784)
[    0.729694] registered taskstats version 1
[    0.730463] Loading compiled-in X.509 certificates
[    0.733251] Loaded X.509 cert 'Build time autogenerated kernel key: 1d4b83cbc5f7a3cd7e4471a5cf69d65d9314bdf5'
[    0.734959] zswap: loaded using pool lzo/zbud
[    0.739506] Key type big_key registered
[    0.740364] Key type trusted registered
[    0.742555] Key type encrypted registered
[    0.743264] AppArmor: AppArmor sha1 policy hashing enabled
[    0.744277] ima: No TPM chip found, activating TPM-bypass! (rc=-19)
[    0.745376] ima: Allocated hash algorithm: sha1
[    0.746178] evm: HMAC attrs: 0x1
[    0.746979]   Magic number: 0:534:438
[    0.747768] rtc_cmos rtc_cmos: setting system clock to 2020-08-06 16:26:22 UTC (1596731182)
[    0.749451] BIOS EDD facility v0.16 2004-Jun-25, 0 devices found
[    0.750531] EDD information not available.
[    0.917495] Freeing unused kernel image memory: 2436K
[    1.144692] Write protecting the kernel read-only data: 20480k
[    1.146602] Freeing unused kernel image memory: 2008K
[    1.147927] Freeing unused kernel image memory: 1872K
[    1.156458] x86/mm: Checked W+X mappings: passed, no W+X pages found.
[    1.157620] x86/mm: Checking user space page tables
[    1.165802] x86/mm: Checked W+X mappings: passed, no W+X pages found.
Loading, please wait...
starting version 237
[    1.219855] Fusion MPT base driver 3.04.20
[    1.220823] Copyright (c) 1999-2008 LSI Corporation
[    1.231466] e1000: Intel(R) PRO/1000 Network Driver - version 7.3.21-k8-NAPI
[    1.232739] e1000: Copyright (c) 1999-2006 Intel Corporation.
[    1.235490] Fusion MPT SPI Host driver 3.04.20
[    1.245537] AVX2 version of gcm_enc/dec engaged.
[    1.246537] AES CTR mode by8 optimization enabled
[    1.451951] input: ImExPS/2 Generic Explorer Mouse as /devices/platform/i8042/serio1/input/input4
[    1.680590] e1000 0000:00:03.0 eth0: (PCI:33MHz:32-bit) 02:a9:c7:4f:3f:23
[    1.681719] e1000 0000:00:03.0 eth0: Intel(R) PRO/1000 Network Connection
[    1.683813] mptbase: ioc0: Initiating bringup
[    1.683865] e1000 0000:00:03.0 enp0s3: renamed from eth0
[    2.715220] ioc0: LSI53C1030 A0: Capabilities={Initiator}
[    5.496329] scsi host2: ioc0: LSI53C1030 A0, FwRev=00000000h, Ports=1, MaxQ=256, IRQ=20
[    7.374912] scsi 2:0:0:0: Direct-Access     VBOX     HARDDISK         1.0  PQ: 0 ANSI: 5
[    8.134477] scsi target2:0:0: Beginning Domain Validation
[    8.142546] scsi target2:0:0: Domain Validation skipping write tests
[    8.144286] scsi target2:0:0: Ending Domain Validation
[    8.145231] scsi target2:0:0: asynchronous
[    8.146265] scsi 2:0:1:0: Direct-Access     VBOX     HARDDISK         1.0  PQ: 0 ANSI: 5
[    8.793666] scsi target2:0:1: Beginning Domain Validation
[    8.796167] random: fast init done
[    8.796942] scsi target2:0:1: Domain Validation skipping write tests
[    8.797947] scsi target2:0:1: Ending Domain Validation
[    8.799006] scsi target2:0:1: asynchronous
[    8.804293] random: systemd-udevd: uninitialized urandom read (16 bytes read)
[    8.804557] sd 2:0:0:0: Attached scsi generic sg0 type 0
[    8.805561] random: systemd-udevd: uninitialized urandom read (16 bytes read)
[    8.805565] random: systemd-udevd: uninitialized urandom read (16 bytes read)
[    8.806954] sd 2:0:0:0: [sda] 20971520 512-byte logical blocks: (10.7 GB/10.0 GiB)
[    8.807802] sd 2:0:1:0: [sdb] 20480 512-byte logical blocks: (10.5 MB/10.0 MiB)
[    8.807933] sd 2:0:1:0: [sdb] Write Protect is off
[    8.808185] sd 2:0:1:0: [sdb] Incomplete mode parameter data
[    8.808864] sd 2:0:1:0: Attached scsi generic sg1 type 0
[    8.809762] sd 2:0:0:0: [sda] Write Protect is off
[    8.811379] sd 2:0:1:0: [sdb] Assuming drive cache: write through
[    8.817818] sd 2:0:0:0: [sda] Incomplete mode parameter data
[    8.818832] sd 2:0:0:0: [sda] Assuming drive cache: write through
[    8.821270] sd 2:0:1:0: [sdb] Attached SCSI disk
[    8.823405]  sda: sda1
[    8.824910] sd 2:0:0:0: [sda] Attached SCSI disk
Begin: Loading essential drivers ... [   10.600386] raid6: sse2x1   gen() 13659 MB/s
[   10.648144] raid6: sse2x1   xor()  9930 MB/s
[   10.696025] raid6: sse2x2   gen() 16527 MB/s
[   10.744765] raid6: sse2x2   xor() 10339 MB/s
[   10.792662] raid6: sse2x4   gen() 19330 MB/s
[   10.840431] raid6: sse2x4   xor() 12039 MB/s
[   10.888239] raid6: avx2x1   gen() 26919 MB/s
[   10.936110] raid6: avx2x1   xor() 18913 MB/s
[   10.984027] raid6: avx2x2   gen() 31089 MB/s
[   11.032694] raid6: avx2x2   xor() 20433 MB/s
[   11.080585] raid6: avx2x4   gen() 37383 MB/s
[   11.128357] raid6: avx2x4   xor() 22472 MB/s
[   11.129298] raid6: using algorithm avx2x4 gen() 37383 MB/s
[   11.130417] raid6: .... xor() 22472 MB/s, rmw enabled
[   11.131485] raid6: using avx2x2 recovery algorithm
[   11.133598] xor: automatically using best checksumming function   avx       
[   11.135828] async_tx: api initialized (async)
done.
Begin: Running /scripts/init-premount ... done.
Begin: Mounting root file system ... Begin: Running /scripts/local-top ... done.
Begin: Running /scripts/local-premount ... [   11.173004] Btrfs loaded, crc32c=crc32c-intel
Scanning for Btrfs filesystems
done.
Warning: fsck not present, so skipping root file system
[   11.202247] EXT4-fs (sda1): mounted filesystem with ordered data mode. Opts: (null)
done.
Begin: Running /scripts/local-bottom ... done.
Begin: Running /scripts/init-bottom ... done.
[   11.348676] ip_tables: (C) 2000-2006 Netfilter Core Team
[   11.365889] systemd[1]: systemd 237 running in system mode. (+PAM +AUDIT +SELINUX +IMA +APPARMOR +SMACK +SYSVINIT +UTMP +LIBCRYPTSETUP +GCRYPT +GNUTLS +ACL +XZ +LZ4 +SECCOMP +BLKID +ELFUTILS +KMOD -IDN2 +IDN -PCRE2 default-hierarchy=hybrid)
[   11.369391] systemd[1]: Detected virtualization oracle.
[   11.370452] systemd[1]: Detected architecture x86-64.

Welcome to [1mUbuntu 18.04.4 LTS[0m!

[   11.378654] systemd[1]: Set hostname to <ubuntu>.
[   11.384817] systemd[1]: Initializing machine ID from random generator.
[   11.386464] systemd[1]: Installed transient /etc/machine-id file.
[   11.864731] systemd[1]: Reached target Swap.
[[0;32m  OK  [0m] Reached target Swap.
[   11.866199] systemd[1]: Set up automount Arbitrary Executable File Formats File System Automount Point.
[[0;32m  OK  [0m] Set up automount Arbitrary Executab…rmats File System Automount Point.
[   11.868593] systemd[1]: Reached target User and Group Name Lookups.
[[0;32m  OK  [0m] Reached target User and Group Name Lookups.
[   11.873420] systemd[1]: Created slice User and Session Slice.
[[0;32m  OK  [0m] Created slice User and Session Slice.
[[0;32m  OK  [0m] Reached target System Time Synchronized.
[[0;32m  OK  [0m] Created slice System Slice.
[[0;32m  OK  [0m] Listening on Journal Socket (/dev/log).
[[0;32m  OK  [0m] Listening on Syslog Socket.
[[0;32m  OK  [0m] Listening on /dev/initctl Compatibility Named Pipe.
[[0;32m  OK  [0m] Listening on LVM2 poll daemon socket.
[[0;32m  OK  [0m] Listening on Device-mapper event daemon FIFOs.
[[0;32m  OK  [0m] Listening on Network Service Netlink Socket.
[[0;32m  OK  [0m] Listening on LVM2 metadata daemon socket.
[[0;32m  OK  [0m] Listening on Journal Audit Socket.
[[0;32m  OK  [0m] Reached target Slices.
[[0;32m  OK  [0m] Listening on udev Control Socket.
[[0;32m  OK  [0m] Created slice system-serial\x2dgetty.slice.
[[0;32m  OK  [0m] Listening on udev Kernel Socket.
[[0;32m  OK  [0m] Started Forward Password Requests to Wall Directory Watch.
[[0;32m  OK  [0m] Listening on Journal Socket.
         Starting Create list of required st…ce nodes for the current kernel...
         Mounting POSIX Message Queue File System...
         Starting udev Coldplug all Devices...
         Starting Journal Service...
         Mounting Kernel Debug File System...
         Starting Remount Root and Kernel File Systems...
         Mounting Huge Pages File System...
         Starting Load Kernel Modules...
         Starting Set the console keyboard layout...
         Starting Uncomplicated firewall...
         Starting Monitoring of LVM2 mirrors…ng dmeventd or progress polling...
[[0;32m  OK  [0m] Started Create list of required sta…vice nodes for the current kernel.
[[0;32m  OK  [0m] Mounted POSIX Message Queue File System.
[[0;32m  OK  [0m] Mounted Kernel Debug File System.
[   12.458611] EXT4-fs (sda1): re-mounted. Opts: (null)
[[0;32m  OK  [0m] Started Remount Root and Kernel File Systems.
[[0;32m  OK  [0m] Started Journal Service.
[[0;32m  OK  [0m] Mounted Huge Pages File System.
[   12.468555] Loading iSCSI transport class v2.0-870.
         Starting Flush Journal to Persistent Storage...
         Starting Load/Save Random Seed...
         Starting Create Static Device Nodes in /dev...
[[0;32m  OK  [0m] Started Unco[   12.515684] iscsi: registered transport (tcp)
mplicated firewall.
[[0;32m  OK  [0m] Started udev Coldplug all Devices.
[   12.533526] iscsi: registered transport (iser)
[[0;32m  OK  [0m] Started Load Kernel Modules.
         Mounting FUSE Control File System...
         Mounting Kernel Configuration File System...
         Starting Apply Kernel Variables...
[[0;32m  OK  [0m] Mounted FUSE Control File System.
[[0;32m  OK  [0m] Mounted Kernel Configuration File System.
[[0;32m  OK  [0m] Started LVM2 metadata daemon.
[   12.568380] systemd-journald[420]: Received request to flush runtime journal from PID 1
[[0;32m  OK  [0m] Started Load/Save Random Seed.
[[0;32m  OK  [0m] Started Create Static Device Nodes in /dev.
         Starting udev Kernel Device Manager...
[[0;32m  OK  [0m] Started Apply Kernel Variables.
[[0;32m  OK  [0m] Started Monitoring of LVM2 mirrors,…sing dmeventd or progress polling.
[[0;32m  OK  [0m] Started Flush Journal to Persistent Storage.
[[0;32m  OK  [0m] Started udev Kernel Device Manager.
[[0;32m  OK  [0m] Started Set the console keyboard layout.
[[0;32m  OK  [0m] Reached target Local File Systems (Pre).
[[0;32m  OK  [0m] Reached target Local File Systems.
         Starting Commit a transient machine-id on disk...
         Starting ebtables ruleset management...
         Starting AppArmor initialization...
         Starting Create Volatile Files and Directories...
         Starting Set console font and keymap...
         Starting Tell Plymouth To Write Out Runtime Data...
[[0;32m  OK  [0m] Started Dispatch Password Requests to Console Directory Watch.
[[0;32m  OK  [0m] Reached target Local Encrypted Volumes.
[[0;32m  OK  [0m] Started Set console font and keymap.
[[0;32m  OK  [0m] Started Create Volatile Files and Directories.
         Starting Update UTMP about System Boot/Shutdown...
[[0;32m  OK  [0m] Started Tell Plymouth To Write Out Runtime Data.
[[0;32m  OK  [0m] Started Update UTMP about System Boot/Shutdown.
[[0;32m  OK  [0m] Started Commit a transient machine-id on disk.
[[0;32m  OK  [0m] Found device /dev/ttyS0.
[[0;32m  OK  [0m] Started ebtables ruleset management.
[[0;32m  OK  [0m] Listening on Load/Save RF Kill Switch Status /dev/rfkill Watch.
[[0;32m  OK  [0m] Started AppArmor initialization.
         Starting Load AppArmor profiles managed internally by snapd...
         Starting Initial cloud-init job (pre-networking)...
[[0;32m  OK  [0m] Started Load AppArmor profiles managed internally by snapd.
[   14.927079] cloud-init[608]: Cloud-init v. 20.2-45-g5f7825e2-0ubuntu1~18.04.1 running 'init-local' at Thu, 06 Aug 2020 16:26:36 +0000. Up 14.54 seconds.
[[0;32m  OK  [0m] Started Initial cloud-init job (pre-networking).
[[0;32m  OK  [0m] Reached target Network (Pre).
         Starting Network Service...
[[0;32m  OK  [0m] Started Network Service.
         Starting Network Name Resolution...
         Starting Wait for Network to be Configured...
[[0;32m  OK  [0m] Started Network Name Resolution.
[[0;32m  OK  [0m] Reached target Network.
[[0;32m  OK  [0m] Reached target Host and Network Name Lookups.
[[0;32m  OK  [0m] Started Wait for Network to be Configured.
         Starting Initial cloud-init job (metadata service crawler)...
[   17.761762] cloud-init[737]: Cloud-init v. 20.2-45-g5f7825e2-0ubuntu1~18.04.1 running 'init' at Thu, 06 Aug 2020 16:26:39 +0000. Up 17.57 seconds.
[   17.762720] cloud-init[737]: ci-info: ++++++++++++++++++++++++++++++++++++++Net device info++++++++++++++++++++++++++++++++++++++
[   17.763567] cloud-init[737]: ci-info: +--------+------+----------------------------+---------------+--------+-------------------+
[   17.764503] cloud-init[737]: ci-info: | Device |  Up  |          Address           |      Mask     | Scope  |     Hw-Address    |
[   17.765770] cloud-init[737]: ci-info: +--------+------+----------------------------+---------------+--------+-------------------+
[   17.767041] cloud-init[737]: ci-info: | enp0s3 | True |         10.0.2.15          | 255.255.255.0 | global | 02:a9:c7:4f:3f:23 |
[   17.784473] cloud-init[737]: ci-info: | enp0s3 | True | fe80::a9:c7ff:fe4f:3f23/64 |       .       |  link  | 02:a9:c7:4f:3f:23 |
[   17.800130] cloud-init[737]: ci-info: |   lo   | True |         127.0.0.1          |   255.0.0.0   |  host  |         .         |
[   17.800981] cloud-init[737]: ci-info: |   lo   | True |          ::1/128           |       .       |  host  |         .         |
[   17.802045] cloud-init[737]: ci-info: +--------+------+----------------------------+---------------+--------+-------------------+
[   17.812435] cloud-init[737]: ci-info: ++++++++++++++++++++++++++++Route IPv4 info+++++++++++++++++++++++++++++
[   17.813710] cloud-init[737]: ci-info: +-------+-------------+----------+-----------------+-----------+-------+
[   17.814771] cloud-init[737]: ci-info: | Route | Destination | Gateway  |     Genmask     | Interface | Flags |
[   17.815756] cloud-init[737]: ci-info: +-------+-------------+----------+-----------------+-----------+-------+
[   17.816766] cloud-init[737]: ci-info: |   0   |   0.0.0.0   | 10.0.2.2 |     0.0.0.0     |   enp0s3  |   UG  |
[   17.817865] cloud-init[737]: ci-info: |   1   |   10.0.2.0  | 0.0.0.0  |  255.255.255.0  |   enp0s3  |   U   |
[   17.832176] cloud-init[737]: ci-info: |   2   |   10.0.2.2  | 0.0.0.0  | 255.255.255.255 |   enp0s3  |   UH  |
[   17.833040] cloud-init[737]: ci-info: +-------+-------------+----------+-----------------+-----------+-------+
[   17.844537] cloud-init[737]: ci-info: +++++++++++++++++++Route IPv6 info+++++++++++++++++++
[   17.856228] cloud-init[737]: ci-info: +-------+-------------+---------+-----------+-------+
[   17.868290] cloud-init[737]: ci-info: | Route | Destination | Gateway | Interface | Flags |
[   17.880954] cloud-init[737]: ci-info: +-------+-------------+---------+-----------+-------+
[   17.881451] cloud-init[737]: ci-info: |   1   |  fe80::/64  |    ::   |   enp0s3  |   U   |
[   17.882452] cloud-init[737]: ci-info: |   3   |    local    |    ::   |   enp0s3  |   U   |
[   17.892691] cloud-init[737]: ci-info: |   4   |   ff00::/8  |    ::   |   enp0s3  |   U   |
[   17.893733] cloud-init[737]: ci-info: +-------+-------------+---------+-----------+-------+
[   19.600634] cloud-init[737]: Generating public/private rsa key pair.
[   19.612801] cloud-init[737]: Your identification has been saved in /etc/ssh/ssh_host_rsa_key.
[   19.613897] cloud-init[737]: Your public key has been saved in /etc/ssh/ssh_host_rsa_key.pub.
[   19.614824] cloud-init[737]: The key fingerprint is:
[   19.615399] cloud-init[737]: SHA256:HgajuudGohR+YC8ljsdq11qeS/TT8/HIbkHHQE8hOBA root@ubuntu-bionic
[   19.628926] cloud-init[737]: The key's randomart image is:
[   19.641081] cloud-init[737]: +---[RSA 2048]----+
[   19.641514] cloud-init[737]: |       Eo oo o.  |
[   19.641942] cloud-init[737]: |         o .+    |
[   19.642378] cloud-init[737]: |      o   . o.   |
[[0;32m  OK  [0m] Started Initial cloud-init job (metadata service crawler).
[   19.652837] cloud-init[737]: | = . . o   . o   |
[[0;32m  OK  [0m] Reached target System Initialization.
[   19.672317] cloud-init[737]: |=.* ..  S . .    |
[[0;32m  OK  [0m] Listening on UUID daemon activation socket.
[   19.673270] cloud-init[737]: |.=++o .o.. .     |
         Starting LXD - unix socket.
[   19.696719] cloud-init[737]: |.++o.o o.o ..    |
[   19.709051] cloud-init[737]: |o. o*.. . +.+    |
[[0;32m  OK  [0m] Started ACPI Events Check.
[   19.709652] cloud-init[737]: |. o=o+.   o= .   |
[[0;32m  OK  [0m] Reached target Paths.
[   19.710290] cloud-init[737]: +----[SHA256]-----+
[[0;32m  OK  [0m] Listening on Open-iSCSI iscsid Socket.
[   19.711660] cloud-init[737]: Generating public/private dsa key pair.
         Starting Socket activation for snappy daemon.
[   19.712948] cloud-init[737]: Your identification has been saved in /etc/ssh/ssh_host_dsa_key.
[[0;32m  OK  [0m] Listening on ACPID Listen Socket.
[   19.714555] cloud-init[737]: Your public key has been saved in /etc/ssh/ssh_host_dsa_key.pub.
[[0;32m  OK  [0m] Listening on D-Bus System Message Bus Socket.
[   19.715692] cloud-init[737]: The key fingerprint is:
[[0;32m  OK  [0m] Started Daily Cleanup of Temporary Directories.
[   19.716377] cloud-init[737]: SHA256:8pOETkPbuE9vGLst8SZaVEzgF6iGQCGbq8TlNjQX/UA root@ubuntu-bionic
[[0;32m  OK  [0m] Started Daily apt download activities.
[   19.718340] cloud-init[737]: The key's randomart image is:
[[0;32m  OK  [0m] Started Daily apt upgrade and clean activities.
[   19.740623] cloud-init[737]: +---[DSA 1024]----+
[[0;32m  OK  [0m] Started Discard unused blocks once a week.
[   19.753315] cloud-init[737]: |..o. .oE.oo      |
[[0;32m  OK  [0m] Started Message of the Day.
[[   19.781637] [0;32m  OK  [0mcloud-init] [737]: Reached target Timers.
| +.   .+.o .     |
[[0;32m  OK  [0m] Reached target Network is Online.
[   19.797798] cloud-init[737]: |o  = o..+ +      |
[[0;32m  OK  [0m] Reached target Remote File Systems (Pre).
[[   19.961658] [0;32m  OK  [0mcloud-init] Reached target Remote File Systems.[737]: 
|..+ +.o= +       |
[   20.121868] cloud-init[737]: |.o + .B S        |
         Starting Availability of block devices...
[   20.122160] cloud-init[737]: |o . .o Bo.       |
[[0;32m  OK  [0m] Reached target Cloud-config availability.
[   20.122814] cloud-init[737]: |.     o **       |
[   20.123742] [cloud-init[0;32m  OK  [0m[737]: ] |       +=++      |Listening on LXD - unix socket.

[[0;32m  OK  [0m] Listening on Socket activation for snappy daemon.
[   20.124469] cloud-init[737]: |      ..o*o      |
[[0;32m  OK  [0m] Reached target Sockets.
[[   20.137068] [0;32m  OK  [0mcloud-init] [737]: Reached target Basic System.+----[SHA256]-----+

[   20.137555] cloud-init[737]: Generating public/private ecdsa key pair.
[   20.153544] cloud-init[737]: Your identification has been saved in /etc/ssh/ssh_host_ecdsa_key.
[[0;32m  OK  [0m] Started irqbalance daemon.
[   20.154456] cloud-init[737]: Your public key has been saved in /etc/ssh/ssh_host_ecdsa_key.pub.
         Starting LSB: automatic crash report generation...
[   20.155713] cloud-init[737]: The key fingerprint is:
[   20.157999] cloud-init[737]: SHA256:gmWZlzfUT4BzZIMR1IIHApM/YApO9HUswYBiewLnx1s root@ubuntu-bionic
         Starting Pollinate to seed the pseudo random number generator...
[   20.159295] cloud-init[737]: The key's randomart image is:
[   20.160455] cloud-init[737]: +---[ECDSA 256]---+
         Starting LSB: Record successful boot for GRUB...
[   20.172228] cloud-init[737]: |....==+..+=O=.   |
         [   20.188563] cloud-init[737]: |++o =+.=.o*.+..  |
[   20.188717] cloud-init[737]: |*+.= o* o.o+ o   |
[   20.189081] cloud-init[737]: | +o.o+E. . .  .  |
Starting Virtualbox guest utils...
[   20.189499] cloud-init[737]: |  o..o..S        |
[   20.191216] cloud-init[737]: |    .  .         |
[[   20.200609] cloud-init[737]: |                 |
[   20.200691] cloud-init[737]: |                 |
[   20.201236] cloud-init[737]: |                 |
[   20.201594] cloud-init[737]: +----[SHA256]-----+
[   20.201834] cloud-init[737]: Generating public/private ed25519 key pair.
[   20.202252] cloud-init[737]: Your identification has been saved in /etc/ssh/ssh_host_ed25519_key.
[   20.202598] cloud-init[737]: Your public key has been saved in /etc/ssh/ssh_host_ed25519_key.pub.
[   20.202996] cloud-init[737]: The key fingerprint is:
[   20.203344] cloud-init[737]: SHA256:JSIcNqzR7+kCVVUPwjn9IMv7eMJLkhL2kPSfryGdUAY root@ubuntu-bionic
[   20.203733] cloud-init[737]: The key's randomart image is:
[   20.204331] cloud-init[737]: +--[ED25519 256]--+
[   20.204384] cloud-init[737]: |   o+ Eoo+o      |
[   20.204439] cloud-init[737]: |  .ooo..=.oo     |
[0;32m  OK  [0m] Started Regular background program processing daemon.
[   20.204507] cloud-init[737]: |   o+o..++.o.    |
[   20.224638] cloud-init[737]: |  ...+.+oo  .    |
[   20.224705] cloud-init[737]: |   .=.o.S.       |
         [   20.224758] Starting System Logging Service...cloud-init
[737]: |  .. +o=.o       |
[   20.236301] cloud-init[737]: |   ...=.Bo       |
[   20.236361] cloud-init[737]: |    ...++oo      |
[   20.237156] cloud-init[737]: |     .  o=.      |
[   20.237333] cloud-init[737]: +----[SHA256]-----+
[[0;32m  OK  [0m] Started Deferred execution scheduler.
         Starting Accounts Service...
[[0;32m  OK  [0m] Started D-Bus System Message Bus.
         Starting Snap Daemon...
[[0;32m  OK  [0m] Started FUSE filesystem for LXC.
         Starting Login Service...
         Starting Dispatcher daemon for systemd-networkd...
         Starting Permit User Sessions...
         Starting LXD - container startup/shutdown...
[[0;32m  OK  [0m] Started System Logging Service.
[[0;32m  OK  [0m] Started Availability of block devices.
[[0;32m  OK  [0m] Started Permit User Sessions.
[[0;32m  OK  [0m] Started Login Service.
[[0;32m  OK  [0m] Started Unattended Upgrades Shutdown.
         Starting Hold until boot process finishes up...
         Starting Terminate Plymouth Boot Screen...
         Starting Authorization Manager...
[[0;32m  OK  [0m] Started Hold until boot process finishes up.
         Starting Set console scheme...
[[0;32m  OK  [0m] Started Serial Getty on ttyS0.
[[0;32m  OK  [0m] Started Terminate Plymouth Boot Screen.
[[0;32m  OK  [0m] Started Set console scheme.
[[0;32m  OK  [0m] Created slice system-getty.slice.
[[0;32m  OK  [0m] Started Getty on tty1.
[[0;32m  OK  [0m] Reached target Login Prompts.
[[0;32m  OK  [0m] Started LSB: automatic crash report generation.
[[0;32m  OK  [0m] Started LSB: Record successful boot for GRUB.
[[0;32m  OK  [0m] Started Virtualbox guest utils.
[[0;32m  OK  [0m] Started LXD - container startup/shutdown.
[[0;32m  OK  [0m] Started Authorization Manager.
[[0;32m  OK  [0m] Started Accounts Service.
[[0;32m  OK  [0m] Started Dispatcher daemon for systemd-networkd.
[[0;32m  OK  [0m] Started Pollinate to seed the pseudo random number generator.
         Starting OpenBSD Secure Shell server...
[[0;32m  OK  [0m] Started OpenBSD Secure Shell server.
[[0;32m  OK  [0m] Started Snap Daemon.
         Starting Wait until snapd is fully seeded...
[[0;32m  OK  [0m] Created slice User Slice of vagrant.
         Starting User Manager for UID 1000...
[[0;32m  OK  [0m] Started Session 1 of user vagrant.
[[0;32m  OK  [0m] Started User Manager for UID 1000.
[[0;32m  OK  [0m] Started Wait until snapd is fully seeded.
         Starting Apply the settings specified in cloud-config...
[[0;32m  OK  [0m] Reached target Multi-User System.
[[0;32m  OK  [0m] Reached target Graphical Interface.
         Starting Update UTMP about System Runlevel Changes...
[[0;32m  OK  [0m] Started Update UTMP about System Runlevel Changes.
[   23.235270] cloud-init[1409]: Cloud-init v. 20.2-45-g5f7825e2-0ubuntu1~18.04.1 running 'modules:config' at Thu, 06 Aug 2020 16:26:44 +0000. Up 22.69 seconds.
[[0;32m  OK  [0m] Started Apply the settings specified in cloud-config.
         Starting Execute cloud user/final scripts...
ci-info: no authorized SSH keys fingerprints found for user ubuntu.
<14>Aug  6 16:26:45 ec2: 
<14>Aug  6 16:26:45 ec2: #############################################################
<14>Aug  6 16:26:45 ec2: -----BEGIN SSH HOST KEY FINGERPRINTS-----
<14>Aug  6 16:26:45 ec2: 1024 SHA256:8pOETkPbuE9vGLst8SZaVEzgF6iGQCGbq8TlNjQX/UA root@ubuntu-bionic (DSA)
<14>Aug  6 16:26:45 ec2: 256 SHA256:gmWZlzfUT4BzZIMR1IIHApM/YApO9HUswYBiewLnx1s root@ubuntu-bionic (ECDSA)
<14>Aug  6 16:26:45 ec2: 256 SHA256:JSIcNqzR7+kCVVUPwjn9IMv7eMJLkhL2kPSfryGdUAY root@ubuntu-bionic (ED25519)
<14>Aug  6 16:26:45 ec2: 2048 SHA256:HgajuudGohR+YC8ljsdq11qeS/TT8/HIbkHHQE8hOBA root@ubuntu-bionic (RSA)
<14>Aug  6 16:26:45 ec2: -----END SSH HOST KEY FINGERPRINTS-----
<14>Aug  6 16:26:45 ec2: #############################################################
-----BEGIN SSH HOST KEY KEYS-----
ecdsa-sha2-nistp256 AAAAE2VjZHNhLXNoYTItbmlzdHAyNTYAAAAIbmlzdHAyNTYAAABBBGdTXRRO8J8EoGhg+aWkmowQf3XzcBhr1HD9Z/vi8gEFeG0dzkt08HvcSLhBWX9dWFEddROWYmgupTHH4ahHuqI= root@ubuntu-bionic
ssh-ed25519 AAAAC3NzaC1lZDI1NTE5AAAAIBOLz/Qr+/jg7XYs9TrBBygONF0qy/jsNmaHpwQlodgC root@ubuntu-bionic
ssh-rsa AAAAB3NzaC1yc2EAAAADAQABAAABAQCWU06oEqLFS+P0esE8PfNUtVgkB+g4kSenvMO612XOVp6/RWnGWZALW+JKB4/bKoIl9eUUzxFc7XUOuk+GCwuftGZBXXxX3l8Jl0oqmJio/QethDpIxDrlGgh92aTpOH6oQLQ0A9LP40yijtpAHZw82glkcWdDZtmom6QUNLkD3dzsuBqb7EUd6WwHOsvtLDciK+3rxJ9HaSe4SMHWD0jytn66AuU3zV9UDrmysBhIo6oPtkL+LeHeFkJQlHWfWT+Aaz7zzCF+FGRc1q5uazbsvPMTIJ58UL/Sdjejbm3QxSrq0H2A746JU/K/TUlcNtQ7AAZGatJx15qeKIdb5Aex root@ubuntu-bionic
-----END SSH HOST KEY KEYS-----
[   23.876233] cloud-init[1549]: Cloud-init v. 20.2-45-g5f7825e2-0ubuntu1~18.04.1 running 'modules:final' at Thu, 06 Aug 2020 16:26:45 +0000. Up 23.70 seconds.
[   23.877588] cloud-init[1549]: ci-info: no authorized SSH keys fingerprints found for user ubuntu.
[   23.892820] cloud-init[1549]: Cloud-init v. 20.2-45-g5f7825e2-0ubuntu1~18.04.1 finished at Thu, 06 Aug 2020 16:26:45 +0000. Datasource DataSourceNoCloud [seed=/dev/sdb][dsmode=net].  Up 23.86 seconds
[[0;32m  OK  [0m] Started Execute cloud user/final scripts.
[[0;32m  OK  [0m] Reached target Cloud-init target.

Ubuntu 18.04.4 LTS ubuntu-bionic ttyS0

ubuntu-bionic login: 